{
  "Unit Tests": {
    "coverage": {
      "/home/marko/Dropbox/Programiranje/rails/blog_project/app/controllers/application_controller.rb": [
        1,
        1,
        null
      ],
      "/home/marko/Dropbox/Programiranje/rails/blog_project/app/helpers/application_helper.rb": [
        1,
        null
      ],
      "/home/marko/Dropbox/Programiranje/rails/blog_project/app/helpers/articles_helper.rb": [
        1,
        null
      ],
      "/home/marko/Dropbox/Programiranje/rails/blog_project/app/helpers/users_helper.rb": [
        1,
        null
      ],
      "/home/marko/Dropbox/Programiranje/rails/blog_project/app/controllers/articles_controller.rb": [
        1,
        1,
        0,
        null,
        null,
        1,
        0,
        null,
        null,
        1,
        0,
        null,
        null,
        1,
        0,
        null,
        null,
        1,
        0,
        0,
        0,
        0,
        null,
        0,
        null,
        null,
        null,
        1,
        0,
        0,
        0,
        0,
        null,
        0,
        0,
        null,
        null,
        null,
        1,
        0,
        0,
        0,
        0,
        null,
        0,
        0,
        null,
        null,
        null
      ],
      "/home/marko/Dropbox/Programiranje/rails/blog_project/app/models/article.rb": [
        null,
        null,
        null,
        null,
        null,
        null,
        null,
        null,
        null,
        null,
        null,
        1,
        1,
        1,
        null,
        1,
        null,
        1,
        null
      ],
      "/home/marko/Dropbox/Programiranje/rails/blog_project/app/controllers/users_controller.rb": [
        1,
        1,
        null,
        null,
        1,
        null,
        null,
        1,
        null,
        null,
        1,
        null,
        null
      ],
      "/home/marko/Dropbox/Programiranje/rails/blog_project/app/models/user.rb": [
        null,
        null,
        null,
        null,
        null,
        null,
        null,
        null,
        null,
        null,
        null,
        null,
        1,
        null,
        1,
        null,
        1,
        null,
        1,
        1,
        1,
        null,
        null,
        1,
        1,
        1,
        null
      ]
    },
    "timestamp": 1363014821
  },
  "RSpec": {
    "coverage": {
      "/home/marko/Dropbox/Programiranje/rails/blog_project/config/environment.rb": [
        null,
        1,
        null,
        null,
        1
      ],
      "/home/marko/Dropbox/Programiranje/rails/blog_project/config/application.rb": [
        1,
        null,
        1,
        null,
        1,
        null,
        1,
        null,
        null,
        null,
        null,
        1,
        1,
        null,
        null,
        null,
        null,
        null,
        null,
        null,
        null,
        null,
        null,
        null,
        null,
        null,
        null,
        null,
        null,
        null,
        null,
        null,
        null,
        null,
        null,
        null,
        1,
        null,
        null,
        1,
        null,
        null,
        1,
        null,
        null,
        null,
        null,
        null,
        null,
        null,
        null,
        null,
        null,
        1,
        null,
        null,
        1,
        null,
        null,
        1,
        null,
        null
      ],
      "/home/marko/Dropbox/Programiranje/rails/blog_project/config/boot.rb": [
        1,
        null,
        null,
        1,
        null,
        1
      ],
      "/home/marko/Dropbox/Programiranje/rails/blog_project/config/environments/test.rb": [
        1,
        null,
        null,
        null,
        null,
        null,
        null,
        1,
        null,
        null,
        1,
        1,
        null,
        null,
        1,
        null,
        null,
        1,
        1,
        null,
        null,
        1,
        null,
        null,
        1,
        null,
        null,
        null,
        null,
        1,
        null,
        null,
        1,
        null,
        null,
        1,
        null
      ],
      "/home/marko/Dropbox/Programiranje/rails/blog_project/config/initializers/backtrace_silencers.rb": [
        null,
        null,
        null,
        null,
        null,
        null,
        null
      ],
      "/home/marko/Dropbox/Programiranje/rails/blog_project/config/initializers/inflections.rb": [
        null,
        null,
        null,
        null,
        null,
        null,
        null,
        null,
        null,
        null,
        null,
        null,
        null,
        null,
        null
      ],
      "/home/marko/Dropbox/Programiranje/rails/blog_project/config/initializers/mime_types.rb": [
        null,
        null,
        null,
        null,
        null
      ],
      "/home/marko/Dropbox/Programiranje/rails/blog_project/config/initializers/secret_token.rb": [
        null,
        null,
        null,
        null,
        null,
        null,
        1
      ],
      "/home/marko/Dropbox/Programiranje/rails/blog_project/config/initializers/session_store.rb": [
        null,
        null,
        1,
        null,
        null,
        null,
        null,
        null
      ],
      "/home/marko/Dropbox/Programiranje/rails/blog_project/config/initializers/wrap_parameters.rb": [
        null,
        null,
        null,
        null,
        null,
        null,
        1,
        1,
        null,
        null,
        null,
        1,
        1,
        null
      ],
      "/home/marko/Dropbox/Programiranje/rails/blog_project/app/controllers/application_controller.rb": [
        1,
        1,
        null
      ],
      "/home/marko/Dropbox/Programiranje/rails/blog_project/app/helpers/application_helper.rb": [
        1,
        null
      ],
      "/home/marko/Dropbox/Programiranje/rails/blog_project/app/helpers/articles_helper.rb": [
        1,
        null
      ],
      "/home/marko/Dropbox/Programiranje/rails/blog_project/app/helpers/users_helper.rb": [
        1,
        null
      ],
      "/home/marko/Dropbox/Programiranje/rails/blog_project/app/controllers/articles_controller.rb": [
        1,
        1,
        5,
        null,
        null,
        1,
        7,
        null,
        null,
        1,
        8,
        null,
        null,
        null,
        1,
        4,
        null,
        null,
        1,
        2,
        2,
        1,
        1,
        null,
        1,
        null,
        null,
        null,
        1,
        1,
        1,
        1,
        1,
        null,
        0,
        0,
        null,
        null,
        null,
        1,
        2,
        2,
        1,
        1,
        null,
        1,
        1,
        null,
        null,
        null,
        1,
        null,
        1,
        15,
        15,
        2,
        2,
        2,
        null,
        null,
        null
      ],
      "/home/marko/Dropbox/Programiranje/rails/blog_project/app/models/article.rb": [
        null,
        null,
        null,
        null,
        null,
        null,
        null,
        null,
        null,
        null,
        null,
        1,
        1,
        1,
        null,
        1,
        null,
        1,
        null
      ],
      "/home/marko/Dropbox/Programiranje/rails/blog_project/app/controllers/users_controller.rb": [
        1,
        1,
        null,
        null,
        1,
        null,
        null,
        1,
        null,
        null,
        1,
        null,
        null
      ],
      "/home/marko/Dropbox/Programiranje/rails/blog_project/app/models/user.rb": [
        null,
        null,
        null,
        null,
        null,
        null,
        null,
        null,
        null,
        null,
        null,
        null,
        1,
        null,
        1,
        null,
        1,
        null,
        1,
        1,
        1,
        null,
        null,
        1,
        1,
        1,
        null
      ],
      "/home/marko/Dropbox/Programiranje/rails/blog_project/spec/factories.rb": [
        1,
        null,
        1,
        1,
        1,
        null,
        null,
        1,
        1,
        1,
        1,
        1,
        null,
        null
      ],
      "/home/marko/Dropbox/Programiranje/rails/blog_project/config/routes.rb": [
        1,
        null,
        1,
        null,
        1,
        null,
        1,
        null,
        1,
        null,
        1,
        null,
        1,
        null,
        null,
        null,
        null,
        null,
        null,
        null,
        null,
        null,
        null,
        null,
        null,
        null,
        null,
        null,
        null,
        null,
        null,
        null,
        null,
        null,
        null,
        null,
        null,
        null,
        null,
        null,
        null,
        null,
        null,
        null,
        null,
        null,
        null,
        null,
        null,
        null,
        null,
        null,
        null,
        null,
        null,
        null,
        null,
        null,
        null,
        null,
        null,
        null,
        null,
        null,
        null,
        null,
        null,
        null,
        null,
        null,
        null
      ],
      "/home/marko/Dropbox/Programiranje/rails/blog_project/spec/models/user_spec.rb": [
        1,
        null,
        1,
        null,
        1,
        12,
        null,
        null,
        null,
        13,
        null,
        2,
        2,
        2,
        2,
        2,
        2,
        null,
        2,
        null,
        1,
        2,
        2,
        null,
        null,
        1,
        2,
        2,
        null,
        null,
        1,
        1,
        1,
        1,
        1,
        null,
        null,
        2,
        null,
        null,
        1,
        2,
        2,
        null,
        null,
        1,
        2,
        2,
        null,
        null
      ],
      "/home/marko/Dropbox/Programiranje/rails/blog_project/spec/requests/articles_spec.rb": [
        1,
        null,
        1,
        null,
        15,
        1,
        16,
        null,
        null,
        1,
        3,
        null,
        1,
        1,
        1,
        null,
        null,
        1,
        1,
        null,
        null,
        null,
        1,
        6,
        null,
        1,
        1,
        null,
        null,
        1,
        1,
        null,
        null,
        1,
        1,
        null,
        null,
        1,
        null,
        1,
        1,
        2,
        null,
        null,
        null,
        1,
        1,
        1,
        1,
        null,
        null,
        1,
        2,
        null,
        null,
        null,
        null,
        null,
        1,
        1,
        3,
        null,
        1,
        2,
        null,
        1,
        2,
        1,
        1,
        null,
        null,
        null,
        1,
        2,
        null,
        1,
        2,
        1,
        1,
        null,
        null,
        null,
        null,
        1,
        1,
        1,
        1,
        null,
        1,
        1,
        null,
        null,
        1,
        7,
        2,
        2,
        2,
        2,
        null,
        1,
        2,
        1,
        1,
        null,
        1,
        1,
        1,
        1,
        null,
        1,
        1,
        null,
        null,
        null,
        null
      ],
      "/home/marko/Dropbox/Programiranje/rails/blog_project/spec/requests/user_pages_spec.rb": [
        1,
        null,
        1,
        1,
        null,
        null
      ]
    },
    "timestamp": 1363023543
  }
}
